2025-02-10T15:34:49.477+03:00  INFO 13463 --- [Test worker] s.s.i.d.repository.UserRepositoryTest    : Starting UserRepositoryTest using Java 21.0.6 with PID 13463 (started by dm in /home/dm/JavaWorkspace/spring-boot-starter)
2025-02-10T15:34:49.486+03:00  INFO 13463 --- [Test worker] s.s.i.d.repository.UserRepositoryTest    : The following 1 profile is active: "test"
2025-02-10T15:34:50.056+03:00  INFO 13463 --- [Test worker] .s.d.r.c.RepositoryConfigurationDelegate : Bootstrapping Spring Data JPA repositories in DEFAULT mode.
2025-02-10T15:34:50.140+03:00  INFO 13463 --- [Test worker] .s.d.r.c.RepositoryConfigurationDelegate : Finished Spring Data repository scanning in 69 ms. Found 2 JPA repository interfaces.
2025-02-10T15:34:51.043+03:00  INFO 13463 --- [Test worker] o.hibernate.jpa.internal.util.LogHelper  : HHH000204: Processing PersistenceUnitInfo [name: default]
2025-02-10T15:34:51.154+03:00  INFO 13463 --- [Test worker] org.hibernate.Version                    : HHH000412: Hibernate ORM core version 6.6.5.Final
2025-02-10T15:34:51.222+03:00  INFO 13463 --- [Test worker] o.h.c.internal.RegionFactoryInitiator    : HHH000026: Second-level cache disabled
2025-02-10T15:34:51.369+03:00  INFO 13463 --- [Test worker] o.h.e.boot.internal.EnversServiceImpl    : Envers integration enabled? : true
2025-02-10T15:34:51.675+03:00  INFO 13463 --- [Test worker] o.s.o.j.p.SpringPersistenceUnitInfo      : No LoadTimeWeaver setup: ignoring JPA class transformer
2025-02-10T15:34:51.717+03:00  INFO 13463 --- [Test worker] com.zaxxer.hikari.HikariDataSource       : HikariPool-1 - Starting...
2025-02-10T15:34:51.982+03:00  INFO 13463 --- [Test worker] com.zaxxer.hikari.pool.HikariPool        : HikariPool-1 - Added connection org.postgresql.jdbc.PgConnection@56193e3a
2025-02-10T15:34:51.985+03:00  INFO 13463 --- [Test worker] com.zaxxer.hikari.HikariDataSource       : HikariPool-1 - Start completed.
2025-02-10T15:34:52.073+03:00  INFO 13463 --- [Test worker] org.hibernate.orm.connections.pooling    : HHH10001005: Database info:
	Database JDBC URL [Connecting through datasource 'HikariDataSource (HikariPool-1)']
	Database driver: undefined/unknown
	Database version: 17.2
	Autocommit mode: undefined/unknown
	Isolation level: undefined/unknown
	Minimum pool size: undefined/unknown
	Maximum pool size: undefined/unknown
2025-02-10T15:34:52.432+03:00  INFO 13463 --- [Test worker] o.h.e.c.i.m.AuditMetadataGenerator       : Adding properties for entity: src.spring.database.entity.User
2025-02-10T15:34:53.227+03:00  INFO 13463 --- [Test worker] o.h.e.t.j.p.i.JtaPlatformInitiator       : HHH000489: No JTA platform available (set 'hibernate.transaction.jta.platform' to enable JTA platform integration)
2025-02-10T15:34:53.712+03:00  WARN 13463 --- [Test worker] o.h.engine.jdbc.spi.SqlExceptionHelper   : SQL Warning Code: 0, SQLState: 00000
2025-02-10T15:34:53.713+03:00  WARN 13463 --- [Test worker] o.h.engine.jdbc.spi.SqlExceptionHelper   : constraint "ukdk0m5eenxaf7wywks6mj0381x" of relation "chat" does not exist, skipping
2025-02-10T15:34:53.717+03:00  WARN 13463 --- [Test worker] o.h.engine.jdbc.spi.SqlExceptionHelper   : SQL Warning Code: 0, SQLState: 00000
2025-02-10T15:34:53.718+03:00  WARN 13463 --- [Test worker] o.h.engine.jdbc.spi.SqlExceptionHelper   : constraint "ukniu8sfil2gxywcru9ah3r4ec5" of relation "company" does not exist, skipping
2025-02-10T15:34:53.721+03:00  WARN 13463 --- [Test worker] o.h.engine.jdbc.spi.SqlExceptionHelper   : SQL Warning Code: 0, SQLState: 00000
2025-02-10T15:34:53.721+03:00  WARN 13463 --- [Test worker] o.h.engine.jdbc.spi.SqlExceptionHelper   : constraint "ukr43af9ap4edm43mmtq01oddj6" of relation "users" does not exist, skipping
2025-02-10T15:34:53.740+03:00  INFO 13463 --- [Test worker] j.LocalContainerEntityManagerFactoryBean : Initialized JPA EntityManagerFactory for persistence unit 'default'
2025-02-10T15:34:53.753+03:00  INFO 13463 --- [Test worker] src.spring.config.JpaConfiguration       : JpaConfiguration init
2025-02-10T15:34:53.762+03:00  INFO 13463 --- [Test worker] s.spring.database.pool.ConnectionPool    : Initializing connection pool
2025-02-10T15:34:54.423+03:00  INFO 13463 --- [Test worker] o.s.d.j.r.query.QueryEnhancerFactory     : Hibernate is in classpath; If applicable, HQL parser will be used.
2025-02-10T15:34:55.666+03:00  INFO 13463 --- [Test worker] s.spring.database.pool.ConnectionPool    : Initializing connection pool
2025-02-10T15:34:55.668+03:00  INFO 13463 --- [Test worker] s.spring.database.pool.ConnectionPool    : Initializing connection pool
2025-02-10T15:34:55.954+03:00  INFO 13463 --- [Test worker] s.s.i.d.repository.UserRepositoryTest    : Started UserRepositoryTest in 6.934 seconds (process running for 12.693)
2025-02-10T15:34:56.678+03:00 DEBUG 13463 --- [Test worker] o.s.jdbc.core.JdbcTemplate               : Executing prepared SQL query
2025-02-10T15:34:56.679+03:00 DEBUG 13463 --- [Test worker] o.s.jdbc.core.JdbcTemplate               : Executing prepared SQL statement [SELECT firstname,lastname,birth_date
FROM users
WHERE company_id = ? AND role = ?;
]
2025-02-10T15:34:56.687+03:00 TRACE 13463 --- [Test worker] o.s.jdbc.core.StatementCreatorUtils      : Setting SQL statement parameter value: column index 1, parameter value [1], value class [java.lang.Integer], SQL type unknown
2025-02-10T15:34:56.688+03:00 TRACE 13463 --- [Test worker] o.s.jdbc.core.StatementCreatorUtils      : Setting SQL statement parameter value: column index 2, parameter value [USER], value class [java.lang.String], SQL type unknown
2025-02-10T16:34:15.147+03:00  INFO 17185 --- [main] src.spring.ApplicationRunner             : Starting ApplicationRunner using Java 21.0.6 with PID 17185 (/home/dm/JavaWorkspace/spring-boot-starter/build/classes/java/main started by dm in /home/dm/JavaWorkspace/spring-boot-starter)
2025-02-10T16:34:15.149+03:00  INFO 17185 --- [main] src.spring.ApplicationRunner             : No active profile set, falling back to 1 default profile: "default"
2025-02-10T16:34:15.465+03:00  INFO 17185 --- [main] .s.d.r.c.RepositoryConfigurationDelegate : Bootstrapping Spring Data JPA repositories in DEFAULT mode.
2025-02-10T16:34:15.505+03:00  INFO 17185 --- [main] .s.d.r.c.RepositoryConfigurationDelegate : Finished Spring Data repository scanning in 34 ms. Found 2 JPA repository interfaces.
2025-02-10T16:34:15.896+03:00  INFO 17185 --- [main] com.zaxxer.hikari.HikariDataSource       : HikariPool-1 - Starting...
2025-02-10T16:34:16.005+03:00  INFO 17185 --- [main] com.zaxxer.hikari.pool.HikariPool        : HikariPool-1 - Added connection org.postgresql.jdbc.PgConnection@119b0892
2025-02-10T16:34:16.007+03:00  INFO 17185 --- [main] com.zaxxer.hikari.HikariDataSource       : HikariPool-1 - Start completed.
2025-02-10T16:34:16.159+03:00  INFO 17185 --- [main] liquibase.database                       : Set default schema name to public
2025-02-10T16:34:16.417+03:00  INFO 17185 --- [main] liquibase.changelog                      : Creating database history table with name: public.databasechangelog
2025-02-10T16:34:16.446+03:00  INFO 17185 --- [main] liquibase.changelog                      : Reading from public.databasechangelog
2025-02-10T16:34:16.488+03:00  INFO 17185 --- [main] liquibase.lockservice                    : Successfully acquired change log lock
2025-02-10T16:34:16.490+03:00  INFO 17185 --- [main] liquibase.command                        : Using deploymentId: 9194456489
2025-02-10T16:34:16.492+03:00  INFO 17185 --- [main] liquibase.changelog                      : Reading from public.databasechangelog
2025-02-10T16:34:16.498+03:00  INFO 17185 --- [main] liquibase.ui                             : Running Changeset: db/changelog/db.changelog-1.0.sql::1::dmshed
2025-02-10T16:34:16.510+03:00  INFO 17185 --- [main] liquibase.changelog                      : Custom SQL executed
2025-02-10T16:34:16.511+03:00  INFO 17185 --- [main] liquibase.changelog                      : ChangeSet db/changelog/db.changelog-1.0.sql::1::dmshed ran successfully in 12ms
2025-02-10T16:34:16.516+03:00  INFO 17185 --- [main] liquibase.ui                             : Running Changeset: db/changelog/db.changelog-1.0.sql::2::dmshed
2025-02-10T16:34:16.521+03:00  INFO 17185 --- [main] liquibase.changelog                      : Custom SQL executed
2025-02-10T16:34:16.522+03:00  INFO 17185 --- [main] liquibase.changelog                      : ChangeSet db/changelog/db.changelog-1.0.sql::2::dmshed ran successfully in 4ms
2025-02-10T16:34:16.524+03:00  INFO 17185 --- [main] liquibase.ui                             : Running Changeset: db/changelog/db.changelog-1.0.sql::3::dmshed
2025-02-10T16:34:16.530+03:00  INFO 17185 --- [main] liquibase.changelog                      : Custom SQL executed
2025-02-10T16:34:16.530+03:00  INFO 17185 --- [main] liquibase.changelog                      : ChangeSet db/changelog/db.changelog-1.0.sql::3::dmshed ran successfully in 6ms
2025-02-10T16:34:16.533+03:00  INFO 17185 --- [main] liquibase.ui                             : Running Changeset: db/changelog/db.changelog-1.0.sql::4::dmshed
2025-02-10T16:34:16.536+03:00  INFO 17185 --- [main] liquibase.changelog                      : Custom SQL executed
2025-02-10T16:34:16.537+03:00  INFO 17185 --- [main] liquibase.changelog                      : ChangeSet db/changelog/db.changelog-1.0.sql::4::dmshed ran successfully in 4ms
2025-02-10T16:34:16.540+03:00  INFO 17185 --- [main] liquibase.ui                             : Running Changeset: db/changelog/db.changelog-1.0.sql::5::dmshed
2025-02-10T16:34:16.543+03:00  INFO 17185 --- [main] liquibase.changelog                      : Custom SQL executed
2025-02-10T16:34:16.543+03:00  INFO 17185 --- [main] liquibase.changelog                      : ChangeSet db/changelog/db.changelog-1.0.sql::5::dmshed ran successfully in 3ms
2025-02-10T16:34:16.545+03:00  INFO 17185 --- [main] liquibase.ui                             : Running Changeset: db/changelog/db.changelog-1.0.sql::6::dmshed
2025-02-10T16:34:16.549+03:00  INFO 17185 --- [main] liquibase.changelog                      : Custom SQL executed
2025-02-10T16:34:16.549+03:00  INFO 17185 --- [main] liquibase.changelog                      : ChangeSet db/changelog/db.changelog-1.0.sql::6::dmshed ran successfully in 4ms
2025-02-10T16:34:16.551+03:00  INFO 17185 --- [main] liquibase.ui                             : Running Changeset: db/changelog/db.changelog-2.0.sql::1::dmshed
2025-02-10T16:34:16.556+03:00  INFO 17185 --- [main] liquibase.changelog                      : Custom SQL executed
2025-02-10T16:34:16.557+03:00  INFO 17185 --- [main] liquibase.changelog                      : ChangeSet db/changelog/db.changelog-2.0.sql::1::dmshed ran successfully in 5ms
2025-02-10T16:34:16.563+03:00  INFO 17185 --- [main] liquibase.util                           : UPDATE SUMMARY
2025-02-10T16:34:16.563+03:00  INFO 17185 --- [main] liquibase.util                           : Run:                          7
2025-02-10T16:34:16.563+03:00  INFO 17185 --- [main] liquibase.util                           : Previously run:               0
2025-02-10T16:34:16.563+03:00  INFO 17185 --- [main] liquibase.util                           : Filtered out:                 0
2025-02-10T16:34:16.563+03:00  INFO 17185 --- [main] liquibase.util                           : -------------------------------
2025-02-10T16:34:16.563+03:00  INFO 17185 --- [main] liquibase.util                           : Total change sets:            7
2025-02-10T16:34:16.564+03:00  INFO 17185 --- [main] liquibase.util                           : Update summary generated
2025-02-10T16:34:16.565+03:00  INFO 17185 --- [main] liquibase.command                        : Update command completed successfully.
2025-02-10T16:34:16.566+03:00  INFO 17185 --- [main] liquibase.ui                             : Liquibase: Update has been successful. Rows affected: 7
2025-02-10T16:34:16.569+03:00  INFO 17185 --- [main] liquibase.lockservice                    : Successfully released change log lock
2025-02-10T16:34:16.570+03:00  INFO 17185 --- [main] liquibase.command                        : Command execution complete
2025-02-10T16:34:16.643+03:00  INFO 17185 --- [main] o.hibernate.jpa.internal.util.LogHelper  : HHH000204: Processing PersistenceUnitInfo [name: default]
2025-02-10T16:34:16.683+03:00  INFO 17185 --- [main] org.hibernate.Version                    : HHH000412: Hibernate ORM core version 6.6.5.Final
2025-02-10T16:34:16.705+03:00  INFO 17185 --- [main] o.h.c.internal.RegionFactoryInitiator    : HHH000026: Second-level cache disabled
2025-02-10T16:34:16.760+03:00  INFO 17185 --- [main] o.h.e.boot.internal.EnversServiceImpl    : Envers integration enabled? : true
2025-02-10T16:34:16.887+03:00  INFO 17185 --- [main] o.s.o.j.p.SpringPersistenceUnitInfo      : No LoadTimeWeaver setup: ignoring JPA class transformer
2025-02-10T16:34:16.946+03:00  INFO 17185 --- [main] org.hibernate.orm.connections.pooling    : HHH10001005: Database info:
	Database JDBC URL [Connecting through datasource 'HikariDataSource (HikariPool-1)']
	Database driver: undefined/unknown
	Database version: 17.2
	Autocommit mode: undefined/unknown
	Isolation level: undefined/unknown
	Minimum pool size: undefined/unknown
	Maximum pool size: undefined/unknown
2025-02-10T16:34:17.145+03:00  INFO 17185 --- [main] o.h.e.c.i.m.AuditMetadataGenerator       : Adding properties for entity: src.spring.database.entity.User
2025-02-10T16:34:17.188+03:00  WARN 17185 --- [main] o.h.b.i.SessionFactoryOptionsBuilder     : Unrecognized hibernate.hbm2ddl.auto value: 'validat e'.  Supported values include 'create', 'create-drop', 'create-only', 'drop', 'update', 'none' and 'validate'.  Ignoring
2025-02-10T16:34:17.246+03:00 ERROR 17185 --- [main] j.LocalContainerEntityManagerFactoryBean : Failed to initialize JPA EntityManagerFactory: [PersistenceUnit: default] Unable to build Hibernate SessionFactory; nested exception is java.lang.IllegalArgumentException: Unrecognized 'hibernate.hbm2ddl.auto' setting: 'validat e'
2025-02-10T16:34:17.248+03:00  WARN 17185 --- [main] s.c.a.AnnotationConfigApplicationContext : Exception encountered during context initialization - cancelling refresh attempt: org.springframework.beans.factory.BeanCreationException: Error creating bean with name 'entityManagerFactory' defined in class path resource [org/springframework/boot/autoconfigure/orm/jpa/HibernateJpaConfiguration.class]: [PersistenceUnit: default] Unable to build Hibernate SessionFactory; nested exception is java.lang.IllegalArgumentException: Unrecognized 'hibernate.hbm2ddl.auto' setting: 'validat e'
2025-02-10T16:34:17.248+03:00  INFO 17185 --- [main] com.zaxxer.hikari.HikariDataSource       : HikariPool-1 - Shutdown initiated...
2025-02-10T16:34:17.252+03:00  INFO 17185 --- [main] com.zaxxer.hikari.HikariDataSource       : HikariPool-1 - Shutdown completed.
2025-02-10T16:34:17.258+03:00  INFO 17185 --- [main] .s.b.a.l.ConditionEvaluationReportLogger : 

Error starting ApplicationContext. To display the condition evaluation report re-run your application with 'debug' enabled.
2025-02-10T16:34:17.273+03:00 ERROR 17185 --- [main] o.s.boot.SpringApplication               : Application run failed

org.springframework.beans.factory.BeanCreationException: Error creating bean with name 'entityManagerFactory' defined in class path resource [org/springframework/boot/autoconfigure/orm/jpa/HibernateJpaConfiguration.class]: [PersistenceUnit: default] Unable to build Hibernate SessionFactory; nested exception is java.lang.IllegalArgumentException: Unrecognized 'hibernate.hbm2ddl.auto' setting: 'validat e'
	at org.springframework.beans.factory.support.AbstractAutowireCapableBeanFactory.initializeBean(AbstractAutowireCapableBeanFactory.java:1812) ~[spring-beans-6.2.2.jar:6.2.2]
	at org.springframework.beans.factory.support.AbstractAutowireCapableBeanFactory.doCreateBean(AbstractAutowireCapableBeanFactory.java:601) ~[spring-beans-6.2.2.jar:6.2.2]
	at org.springframework.beans.factory.support.AbstractAutowireCapableBeanFactory.createBean(AbstractAutowireCapableBeanFactory.java:523) ~[spring-beans-6.2.2.jar:6.2.2]
	at org.springframework.beans.factory.support.AbstractBeanFactory.lambda$doGetBean$0(AbstractBeanFactory.java:336) ~[spring-beans-6.2.2.jar:6.2.2]
	at org.springframework.beans.factory.support.DefaultSingletonBeanRegistry.getSingleton(DefaultSingletonBeanRegistry.java:307) ~[spring-beans-6.2.2.jar:6.2.2]
	at org.springframework.beans.factory.support.AbstractBeanFactory.doGetBean(AbstractBeanFactory.java:334) ~[spring-beans-6.2.2.jar:6.2.2]
	at org.springframework.beans.factory.support.AbstractBeanFactory.getBean(AbstractBeanFactory.java:204) ~[spring-beans-6.2.2.jar:6.2.2]
	at org.springframework.context.support.AbstractApplicationContext.finishBeanFactoryInitialization(AbstractApplicationContext.java:970) ~[spring-context-6.2.2.jar:6.2.2]
	at org.springframework.context.support.AbstractApplicationContext.refresh(AbstractApplicationContext.java:627) ~[spring-context-6.2.2.jar:6.2.2]
	at org.springframework.boot.SpringApplication.refresh(SpringApplication.java:752) ~[spring-boot-3.4.2.jar:3.4.2]
	at org.springframework.boot.SpringApplication.refreshContext(SpringApplication.java:439) ~[spring-boot-3.4.2.jar:3.4.2]
	at org.springframework.boot.SpringApplication.run(SpringApplication.java:318) ~[spring-boot-3.4.2.jar:3.4.2]
	at org.springframework.boot.SpringApplication.run(SpringApplication.java:1361) ~[spring-boot-3.4.2.jar:3.4.2]
	at org.springframework.boot.SpringApplication.run(SpringApplication.java:1350) ~[spring-boot-3.4.2.jar:3.4.2]
	at src.spring.ApplicationRunner.main(ApplicationRunner.java:20) ~[main/:na]
Caused by: jakarta.persistence.PersistenceException: [PersistenceUnit: default] Unable to build Hibernate SessionFactory; nested exception is java.lang.IllegalArgumentException: Unrecognized 'hibernate.hbm2ddl.auto' setting: 'validat e'
	at org.springframework.orm.jpa.AbstractEntityManagerFactoryBean.buildNativeEntityManagerFactory(AbstractEntityManagerFactoryBean.java:431) ~[spring-orm-6.2.2.jar:6.2.2]
	at org.springframework.orm.jpa.AbstractEntityManagerFactoryBean.afterPropertiesSet(AbstractEntityManagerFactoryBean.java:400) ~[spring-orm-6.2.2.jar:6.2.2]
	at org.springframework.orm.jpa.LocalContainerEntityManagerFactoryBean.afterPropertiesSet(LocalContainerEntityManagerFactoryBean.java:366) ~[spring-orm-6.2.2.jar:6.2.2]
	at org.springframework.beans.factory.support.AbstractAutowireCapableBeanFactory.invokeInitMethods(AbstractAutowireCapableBeanFactory.java:1859) ~[spring-beans-6.2.2.jar:6.2.2]
	at org.springframework.beans.factory.support.AbstractAutowireCapableBeanFactory.initializeBean(AbstractAutowireCapableBeanFactory.java:1808) ~[spring-beans-6.2.2.jar:6.2.2]
	... 14 common frames omitted
Caused by: java.lang.IllegalArgumentException: Unrecognized 'hibernate.hbm2ddl.auto' setting: 'validat e'
	at org.hibernate.tool.schema.Action.interpretHbm2ddlSetting(Action.java:305) ~[hibernate-core-6.6.5.Final.jar:6.6.5.Final]
	at org.hibernate.tool.schema.spi.SchemaManagementToolCoordinator$ActionGrouping.determineAutoSettingImpliedAction(SchemaManagementToolCoordinator.java:721) ~[hibernate-core-6.6.5.Final.jar:6.6.5.Final]
	at org.hibernate.tool.schema.spi.SchemaManagementToolCoordinator$ActionGrouping.interpret(SchemaManagementToolCoordinator.java:729) ~[hibernate-core-6.6.5.Final.jar:6.6.5.Final]
	at org.hibernate.tool.schema.spi.SchemaManagementToolCoordinator$ActionGrouping.interpret(SchemaManagementToolCoordinator.java:766) ~[hibernate-core-6.6.5.Final.jar:6.6.5.Final]
	at org.hibernate.boot.internal.MetadataImpl.shouldOrderTableColumns(MetadataImpl.java:476) ~[hibernate-core-6.6.5.Final.jar:6.6.5.Final]
	at org.hibernate.boot.internal.MetadataImpl.orderColumns(MetadataImpl.java:405) ~[hibernate-core-6.6.5.Final.jar:6.6.5.Final]
	at org.hibernate.internal.SessionFactoryImpl.<init>(SessionFactoryImpl.java:281) ~[hibernate-core-6.6.5.Final.jar:6.6.5.Final]
	at org.hibernate.boot.internal.SessionFactoryBuilderImpl.build(SessionFactoryBuilderImpl.java:463) ~[hibernate-core-6.6.5.Final.jar:6.6.5.Final]
	at org.hibernate.jpa.boot.internal.EntityManagerFactoryBuilderImpl.build(EntityManagerFactoryBuilderImpl.java:1506) ~[hibernate-core-6.6.5.Final.jar:6.6.5.Final]
	at org.springframework.orm.jpa.vendor.SpringHibernateJpaPersistenceProvider.createContainerEntityManagerFactory(SpringHibernateJpaPersistenceProvider.java:66) ~[spring-orm-6.2.2.jar:6.2.2]
	at org.springframework.orm.jpa.LocalContainerEntityManagerFactoryBean.createNativeEntityManagerFactory(LocalContainerEntityManagerFactoryBean.java:390) ~[spring-orm-6.2.2.jar:6.2.2]
	at org.springframework.orm.jpa.AbstractEntityManagerFactoryBean.buildNativeEntityManagerFactory(AbstractEntityManagerFactoryBean.java:419) ~[spring-orm-6.2.2.jar:6.2.2]
	... 18 common frames omitted

2025-02-10T16:40:08.487+03:00  INFO 17799 --- [main] src.spring.ApplicationRunner             : Starting ApplicationRunner using Java 21.0.6 with PID 17799 (/home/dm/JavaWorkspace/spring-boot-starter/build/classes/java/main started by dm in /home/dm/JavaWorkspace/spring-boot-starter)
2025-02-10T16:40:08.489+03:00  INFO 17799 --- [main] src.spring.ApplicationRunner             : No active profile set, falling back to 1 default profile: "default"
2025-02-10T16:40:08.780+03:00  INFO 17799 --- [main] .s.d.r.c.RepositoryConfigurationDelegate : Bootstrapping Spring Data JPA repositories in DEFAULT mode.
2025-02-10T16:40:08.822+03:00  INFO 17799 --- [main] .s.d.r.c.RepositoryConfigurationDelegate : Finished Spring Data repository scanning in 36 ms. Found 2 JPA repository interfaces.
2025-02-10T16:40:09.259+03:00  INFO 17799 --- [main] com.zaxxer.hikari.HikariDataSource       : HikariPool-1 - Starting...
2025-02-10T16:40:09.377+03:00  INFO 17799 --- [main] com.zaxxer.hikari.pool.HikariPool        : HikariPool-1 - Added connection org.postgresql.jdbc.PgConnection@513b52af
2025-02-10T16:40:09.379+03:00  INFO 17799 --- [main] com.zaxxer.hikari.HikariDataSource       : HikariPool-1 - Start completed.
2025-02-10T16:40:09.482+03:00  INFO 17799 --- [main] liquibase.database                       : Set default schema name to public
2025-02-10T16:40:09.719+03:00  INFO 17799 --- [main] liquibase.changelog                      : Reading from public.databasechangelog
2025-02-10T16:40:09.748+03:00  INFO 17799 --- [main] liquibase.ui                             : Database is up to date, no changesets to execute
2025-02-10T16:40:09.750+03:00  INFO 17799 --- [main] liquibase.changelog                      : Reading from public.databasechangelog
2025-02-10T16:40:09.756+03:00  INFO 17799 --- [main] liquibase.util                           : UPDATE SUMMARY
2025-02-10T16:40:09.757+03:00  INFO 17799 --- [main] liquibase.util                           : Run:                          0
2025-02-10T16:40:09.757+03:00  INFO 17799 --- [main] liquibase.util                           : Previously run:               7
2025-02-10T16:40:09.757+03:00  INFO 17799 --- [main] liquibase.util                           : Filtered out:                 0
2025-02-10T16:40:09.757+03:00  INFO 17799 --- [main] liquibase.util                           : -------------------------------
2025-02-10T16:40:09.757+03:00  INFO 17799 --- [main] liquibase.util                           : Total change sets:            7
2025-02-10T16:40:09.758+03:00  INFO 17799 --- [main] liquibase.util                           : Update summary generated
2025-02-10T16:40:09.759+03:00  INFO 17799 --- [main] liquibase.command                        : Command execution complete
2025-02-10T16:40:09.827+03:00  INFO 17799 --- [main] o.hibernate.jpa.internal.util.LogHelper  : HHH000204: Processing PersistenceUnitInfo [name: default]
2025-02-10T16:40:09.866+03:00  INFO 17799 --- [main] org.hibernate.Version                    : HHH000412: Hibernate ORM core version 6.6.5.Final
2025-02-10T16:40:09.889+03:00  INFO 17799 --- [main] o.h.c.internal.RegionFactoryInitiator    : HHH000026: Second-level cache disabled
2025-02-10T16:40:09.949+03:00  INFO 17799 --- [main] o.h.e.boot.internal.EnversServiceImpl    : Envers integration enabled? : true
2025-02-10T16:40:10.085+03:00  INFO 17799 --- [main] o.s.o.j.p.SpringPersistenceUnitInfo      : No LoadTimeWeaver setup: ignoring JPA class transformer
2025-02-10T16:40:10.131+03:00  INFO 17799 --- [main] org.hibernate.orm.connections.pooling    : HHH10001005: Database info:
	Database JDBC URL [Connecting through datasource 'HikariDataSource (HikariPool-1)']
	Database driver: undefined/unknown
	Database version: 17.2
	Autocommit mode: undefined/unknown
	Isolation level: undefined/unknown
	Minimum pool size: undefined/unknown
	Maximum pool size: undefined/unknown
2025-02-10T16:40:10.356+03:00  INFO 17799 --- [main] o.h.e.c.i.m.AuditMetadataGenerator       : Adding properties for entity: src.spring.database.entity.User
2025-02-10T16:40:10.393+03:00  WARN 17799 --- [main] o.h.b.i.SessionFactoryOptionsBuilder     : Unrecognized hibernate.hbm2ddl.auto value: 'validat e'.  Supported values include 'create', 'create-drop', 'create-only', 'drop', 'update', 'none' and 'validate'.  Ignoring
2025-02-10T16:40:10.456+03:00 ERROR 17799 --- [main] j.LocalContainerEntityManagerFactoryBean : Failed to initialize JPA EntityManagerFactory: [PersistenceUnit: default] Unable to build Hibernate SessionFactory; nested exception is java.lang.IllegalArgumentException: Unrecognized 'hibernate.hbm2ddl.auto' setting: 'validat e'
2025-02-10T16:40:10.458+03:00  WARN 17799 --- [main] s.c.a.AnnotationConfigApplicationContext : Exception encountered during context initialization - cancelling refresh attempt: org.springframework.beans.factory.BeanCreationException: Error creating bean with name 'entityManagerFactory' defined in class path resource [org/springframework/boot/autoconfigure/orm/jpa/HibernateJpaConfiguration.class]: [PersistenceUnit: default] Unable to build Hibernate SessionFactory; nested exception is java.lang.IllegalArgumentException: Unrecognized 'hibernate.hbm2ddl.auto' setting: 'validat e'
2025-02-10T16:40:10.458+03:00  INFO 17799 --- [main] com.zaxxer.hikari.HikariDataSource       : HikariPool-1 - Shutdown initiated...
2025-02-10T16:40:10.461+03:00  INFO 17799 --- [main] com.zaxxer.hikari.HikariDataSource       : HikariPool-1 - Shutdown completed.
2025-02-10T16:40:10.467+03:00  INFO 17799 --- [main] .s.b.a.l.ConditionEvaluationReportLogger : 

Error starting ApplicationContext. To display the condition evaluation report re-run your application with 'debug' enabled.
2025-02-10T16:40:10.481+03:00 ERROR 17799 --- [main] o.s.boot.SpringApplication               : Application run failed

org.springframework.beans.factory.BeanCreationException: Error creating bean with name 'entityManagerFactory' defined in class path resource [org/springframework/boot/autoconfigure/orm/jpa/HibernateJpaConfiguration.class]: [PersistenceUnit: default] Unable to build Hibernate SessionFactory; nested exception is java.lang.IllegalArgumentException: Unrecognized 'hibernate.hbm2ddl.auto' setting: 'validat e'
	at org.springframework.beans.factory.support.AbstractAutowireCapableBeanFactory.initializeBean(AbstractAutowireCapableBeanFactory.java:1812) ~[spring-beans-6.2.2.jar:6.2.2]
	at org.springframework.beans.factory.support.AbstractAutowireCapableBeanFactory.doCreateBean(AbstractAutowireCapableBeanFactory.java:601) ~[spring-beans-6.2.2.jar:6.2.2]
	at org.springframework.beans.factory.support.AbstractAutowireCapableBeanFactory.createBean(AbstractAutowireCapableBeanFactory.java:523) ~[spring-beans-6.2.2.jar:6.2.2]
	at org.springframework.beans.factory.support.AbstractBeanFactory.lambda$doGetBean$0(AbstractBeanFactory.java:336) ~[spring-beans-6.2.2.jar:6.2.2]
	at org.springframework.beans.factory.support.DefaultSingletonBeanRegistry.getSingleton(DefaultSingletonBeanRegistry.java:307) ~[spring-beans-6.2.2.jar:6.2.2]
	at org.springframework.beans.factory.support.AbstractBeanFactory.doGetBean(AbstractBeanFactory.java:334) ~[spring-beans-6.2.2.jar:6.2.2]
	at org.springframework.beans.factory.support.AbstractBeanFactory.getBean(AbstractBeanFactory.java:204) ~[spring-beans-6.2.2.jar:6.2.2]
	at org.springframework.context.support.AbstractApplicationContext.finishBeanFactoryInitialization(AbstractApplicationContext.java:970) ~[spring-context-6.2.2.jar:6.2.2]
	at org.springframework.context.support.AbstractApplicationContext.refresh(AbstractApplicationContext.java:627) ~[spring-context-6.2.2.jar:6.2.2]
	at org.springframework.boot.SpringApplication.refresh(SpringApplication.java:752) ~[spring-boot-3.4.2.jar:3.4.2]
	at org.springframework.boot.SpringApplication.refreshContext(SpringApplication.java:439) ~[spring-boot-3.4.2.jar:3.4.2]
	at org.springframework.boot.SpringApplication.run(SpringApplication.java:318) ~[spring-boot-3.4.2.jar:3.4.2]
	at org.springframework.boot.SpringApplication.run(SpringApplication.java:1361) ~[spring-boot-3.4.2.jar:3.4.2]
	at org.springframework.boot.SpringApplication.run(SpringApplication.java:1350) ~[spring-boot-3.4.2.jar:3.4.2]
	at src.spring.ApplicationRunner.main(ApplicationRunner.java:20) ~[main/:na]
Caused by: jakarta.persistence.PersistenceException: [PersistenceUnit: default] Unable to build Hibernate SessionFactory; nested exception is java.lang.IllegalArgumentException: Unrecognized 'hibernate.hbm2ddl.auto' setting: 'validat e'
	at org.springframework.orm.jpa.AbstractEntityManagerFactoryBean.buildNativeEntityManagerFactory(AbstractEntityManagerFactoryBean.java:431) ~[spring-orm-6.2.2.jar:6.2.2]
	at org.springframework.orm.jpa.AbstractEntityManagerFactoryBean.afterPropertiesSet(AbstractEntityManagerFactoryBean.java:400) ~[spring-orm-6.2.2.jar:6.2.2]
	at org.springframework.orm.jpa.LocalContainerEntityManagerFactoryBean.afterPropertiesSet(LocalContainerEntityManagerFactoryBean.java:366) ~[spring-orm-6.2.2.jar:6.2.2]
	at org.springframework.beans.factory.support.AbstractAutowireCapableBeanFactory.invokeInitMethods(AbstractAutowireCapableBeanFactory.java:1859) ~[spring-beans-6.2.2.jar:6.2.2]
	at org.springframework.beans.factory.support.AbstractAutowireCapableBeanFactory.initializeBean(AbstractAutowireCapableBeanFactory.java:1808) ~[spring-beans-6.2.2.jar:6.2.2]
	... 14 common frames omitted
Caused by: java.lang.IllegalArgumentException: Unrecognized 'hibernate.hbm2ddl.auto' setting: 'validat e'
	at org.hibernate.tool.schema.Action.interpretHbm2ddlSetting(Action.java:305) ~[hibernate-core-6.6.5.Final.jar:6.6.5.Final]
	at org.hibernate.tool.schema.spi.SchemaManagementToolCoordinator$ActionGrouping.determineAutoSettingImpliedAction(SchemaManagementToolCoordinator.java:721) ~[hibernate-core-6.6.5.Final.jar:6.6.5.Final]
	at org.hibernate.tool.schema.spi.SchemaManagementToolCoordinator$ActionGrouping.interpret(SchemaManagementToolCoordinator.java:729) ~[hibernate-core-6.6.5.Final.jar:6.6.5.Final]
	at org.hibernate.tool.schema.spi.SchemaManagementToolCoordinator$ActionGrouping.interpret(SchemaManagementToolCoordinator.java:766) ~[hibernate-core-6.6.5.Final.jar:6.6.5.Final]
	at org.hibernate.boot.internal.MetadataImpl.shouldOrderTableColumns(MetadataImpl.java:476) ~[hibernate-core-6.6.5.Final.jar:6.6.5.Final]
	at org.hibernate.boot.internal.MetadataImpl.orderColumns(MetadataImpl.java:405) ~[hibernate-core-6.6.5.Final.jar:6.6.5.Final]
	at org.hibernate.internal.SessionFactoryImpl.<init>(SessionFactoryImpl.java:281) ~[hibernate-core-6.6.5.Final.jar:6.6.5.Final]
	at org.hibernate.boot.internal.SessionFactoryBuilderImpl.build(SessionFactoryBuilderImpl.java:463) ~[hibernate-core-6.6.5.Final.jar:6.6.5.Final]
	at org.hibernate.jpa.boot.internal.EntityManagerFactoryBuilderImpl.build(EntityManagerFactoryBuilderImpl.java:1506) ~[hibernate-core-6.6.5.Final.jar:6.6.5.Final]
	at org.springframework.orm.jpa.vendor.SpringHibernateJpaPersistenceProvider.createContainerEntityManagerFactory(SpringHibernateJpaPersistenceProvider.java:66) ~[spring-orm-6.2.2.jar:6.2.2]
	at org.springframework.orm.jpa.LocalContainerEntityManagerFactoryBean.createNativeEntityManagerFactory(LocalContainerEntityManagerFactoryBean.java:390) ~[spring-orm-6.2.2.jar:6.2.2]
	at org.springframework.orm.jpa.AbstractEntityManagerFactoryBean.buildNativeEntityManagerFactory(AbstractEntityManagerFactoryBean.java:419) ~[spring-orm-6.2.2.jar:6.2.2]
	... 18 common frames omitted

2025-02-10T16:40:37.743+03:00  INFO 18064 --- [main] src.spring.ApplicationRunner             : Starting ApplicationRunner using Java 21.0.6 with PID 18064 (/home/dm/JavaWorkspace/spring-boot-starter/build/classes/java/main started by dm in /home/dm/JavaWorkspace/spring-boot-starter)
2025-02-10T16:40:37.744+03:00  INFO 18064 --- [main] src.spring.ApplicationRunner             : No active profile set, falling back to 1 default profile: "default"
2025-02-10T16:40:38.004+03:00  INFO 18064 --- [main] .s.d.r.c.RepositoryConfigurationDelegate : Bootstrapping Spring Data JPA repositories in DEFAULT mode.
2025-02-10T16:40:38.046+03:00  INFO 18064 --- [main] .s.d.r.c.RepositoryConfigurationDelegate : Finished Spring Data repository scanning in 36 ms. Found 2 JPA repository interfaces.
2025-02-10T16:40:38.439+03:00  INFO 18064 --- [main] com.zaxxer.hikari.HikariDataSource       : HikariPool-1 - Starting...
2025-02-10T16:40:38.545+03:00  INFO 18064 --- [main] com.zaxxer.hikari.pool.HikariPool        : HikariPool-1 - Added connection org.postgresql.jdbc.PgConnection@4ed4a7e4
2025-02-10T16:40:38.546+03:00  INFO 18064 --- [main] com.zaxxer.hikari.HikariDataSource       : HikariPool-1 - Start completed.
2025-02-10T16:40:38.636+03:00  INFO 18064 --- [main] liquibase.database                       : Set default schema name to public
2025-02-10T16:40:38.879+03:00  INFO 18064 --- [main] liquibase.changelog                      : Reading from public.databasechangelog
2025-02-10T16:40:38.924+03:00  INFO 18064 --- [main] liquibase.lockservice                    : Successfully acquired change log lock
2025-02-10T16:40:38.925+03:00  INFO 18064 --- [main] liquibase.command                        : Using deploymentId: 9194838925
2025-02-10T16:40:38.927+03:00  INFO 18064 --- [main] liquibase.changelog                      : Reading from public.databasechangelog
2025-02-10T16:40:38.933+03:00  INFO 18064 --- [main] liquibase.ui                             : Running Changeset: db/changelog/db.changelog-2.1.sql::1::dmshed
2025-02-10T16:40:38.948+03:00  INFO 18064 --- [main] liquibase.changelog                      : Custom SQL executed
2025-02-10T16:40:38.949+03:00  INFO 18064 --- [main] liquibase.changelog                      : ChangeSet db/changelog/db.changelog-2.1.sql::1::dmshed ran successfully in 15ms
2025-02-10T16:40:38.958+03:00  INFO 18064 --- [main] liquibase.util                           : UPDATE SUMMARY
2025-02-10T16:40:38.958+03:00  INFO 18064 --- [main] liquibase.util                           : Run:                          1
2025-02-10T16:40:38.958+03:00  INFO 18064 --- [main] liquibase.util                           : Previously run:               7
2025-02-10T16:40:38.958+03:00  INFO 18064 --- [main] liquibase.util                           : Filtered out:                 0
2025-02-10T16:40:38.958+03:00  INFO 18064 --- [main] liquibase.util                           : -------------------------------
2025-02-10T16:40:38.958+03:00  INFO 18064 --- [main] liquibase.util                           : Total change sets:            8
2025-02-10T16:40:38.959+03:00  INFO 18064 --- [main] liquibase.util                           : Update summary generated
2025-02-10T16:40:38.962+03:00  INFO 18064 --- [main] liquibase.command                        : Update command completed successfully.
2025-02-10T16:40:38.962+03:00  INFO 18064 --- [main] liquibase.ui                             : Liquibase: Update has been successful. Rows affected: 1
2025-02-10T16:40:38.965+03:00  INFO 18064 --- [main] liquibase.lockservice                    : Successfully released change log lock
2025-02-10T16:40:38.967+03:00  INFO 18064 --- [main] liquibase.command                        : Command execution complete
2025-02-10T16:40:39.034+03:00  INFO 18064 --- [main] o.hibernate.jpa.internal.util.LogHelper  : HHH000204: Processing PersistenceUnitInfo [name: default]
2025-02-10T16:40:39.070+03:00  INFO 18064 --- [main] org.hibernate.Version                    : HHH000412: Hibernate ORM core version 6.6.5.Final
2025-02-10T16:40:39.092+03:00  INFO 18064 --- [main] o.h.c.internal.RegionFactoryInitiator    : HHH000026: Second-level cache disabled
2025-02-10T16:40:39.160+03:00  INFO 18064 --- [main] o.h.e.boot.internal.EnversServiceImpl    : Envers integration enabled? : true
2025-02-10T16:40:39.292+03:00  INFO 18064 --- [main] o.s.o.j.p.SpringPersistenceUnitInfo      : No LoadTimeWeaver setup: ignoring JPA class transformer
2025-02-10T16:40:39.348+03:00  INFO 18064 --- [main] org.hibernate.orm.connections.pooling    : HHH10001005: Database info:
	Database JDBC URL [Connecting through datasource 'HikariDataSource (HikariPool-1)']
	Database driver: undefined/unknown
	Database version: 17.2
	Autocommit mode: undefined/unknown
	Isolation level: undefined/unknown
	Minimum pool size: undefined/unknown
	Maximum pool size: undefined/unknown
2025-02-10T16:40:39.517+03:00  INFO 18064 --- [main] o.h.e.c.i.m.AuditMetadataGenerator       : Adding properties for entity: src.spring.database.entity.User
2025-02-10T16:40:39.549+03:00  WARN 18064 --- [main] o.h.b.i.SessionFactoryOptionsBuilder     : Unrecognized hibernate.hbm2ddl.auto value: 'validat e'.  Supported values include 'create', 'create-drop', 'create-only', 'drop', 'update', 'none' and 'validate'.  Ignoring
2025-02-10T16:40:39.613+03:00 ERROR 18064 --- [main] j.LocalContainerEntityManagerFactoryBean : Failed to initialize JPA EntityManagerFactory: [PersistenceUnit: default] Unable to build Hibernate SessionFactory; nested exception is java.lang.IllegalArgumentException: Unrecognized 'hibernate.hbm2ddl.auto' setting: 'validat e'
2025-02-10T16:40:39.614+03:00  WARN 18064 --- [main] s.c.a.AnnotationConfigApplicationContext : Exception encountered during context initialization - cancelling refresh attempt: org.springframework.beans.factory.BeanCreationException: Error creating bean with name 'entityManagerFactory' defined in class path resource [org/springframework/boot/autoconfigure/orm/jpa/HibernateJpaConfiguration.class]: [PersistenceUnit: default] Unable to build Hibernate SessionFactory; nested exception is java.lang.IllegalArgumentException: Unrecognized 'hibernate.hbm2ddl.auto' setting: 'validat e'
2025-02-10T16:40:39.614+03:00  INFO 18064 --- [main] com.zaxxer.hikari.HikariDataSource       : HikariPool-1 - Shutdown initiated...
2025-02-10T16:40:39.617+03:00  INFO 18064 --- [main] com.zaxxer.hikari.HikariDataSource       : HikariPool-1 - Shutdown completed.
2025-02-10T16:40:39.624+03:00  INFO 18064 --- [main] .s.b.a.l.ConditionEvaluationReportLogger : 

Error starting ApplicationContext. To display the condition evaluation report re-run your application with 'debug' enabled.
2025-02-10T16:40:39.635+03:00 ERROR 18064 --- [main] o.s.boot.SpringApplication               : Application run failed

org.springframework.beans.factory.BeanCreationException: Error creating bean with name 'entityManagerFactory' defined in class path resource [org/springframework/boot/autoconfigure/orm/jpa/HibernateJpaConfiguration.class]: [PersistenceUnit: default] Unable to build Hibernate SessionFactory; nested exception is java.lang.IllegalArgumentException: Unrecognized 'hibernate.hbm2ddl.auto' setting: 'validat e'
	at org.springframework.beans.factory.support.AbstractAutowireCapableBeanFactory.initializeBean(AbstractAutowireCapableBeanFactory.java:1812) ~[spring-beans-6.2.2.jar:6.2.2]
	at org.springframework.beans.factory.support.AbstractAutowireCapableBeanFactory.doCreateBean(AbstractAutowireCapableBeanFactory.java:601) ~[spring-beans-6.2.2.jar:6.2.2]
	at org.springframework.beans.factory.support.AbstractAutowireCapableBeanFactory.createBean(AbstractAutowireCapableBeanFactory.java:523) ~[spring-beans-6.2.2.jar:6.2.2]
	at org.springframework.beans.factory.support.AbstractBeanFactory.lambda$doGetBean$0(AbstractBeanFactory.java:336) ~[spring-beans-6.2.2.jar:6.2.2]
	at org.springframework.beans.factory.support.DefaultSingletonBeanRegistry.getSingleton(DefaultSingletonBeanRegistry.java:307) ~[spring-beans-6.2.2.jar:6.2.2]
	at org.springframework.beans.factory.support.AbstractBeanFactory.doGetBean(AbstractBeanFactory.java:334) ~[spring-beans-6.2.2.jar:6.2.2]
	at org.springframework.beans.factory.support.AbstractBeanFactory.getBean(AbstractBeanFactory.java:204) ~[spring-beans-6.2.2.jar:6.2.2]
	at org.springframework.context.support.AbstractApplicationContext.finishBeanFactoryInitialization(AbstractApplicationContext.java:970) ~[spring-context-6.2.2.jar:6.2.2]
	at org.springframework.context.support.AbstractApplicationContext.refresh(AbstractApplicationContext.java:627) ~[spring-context-6.2.2.jar:6.2.2]
	at org.springframework.boot.SpringApplication.refresh(SpringApplication.java:752) ~[spring-boot-3.4.2.jar:3.4.2]
	at org.springframework.boot.SpringApplication.refreshContext(SpringApplication.java:439) ~[spring-boot-3.4.2.jar:3.4.2]
	at org.springframework.boot.SpringApplication.run(SpringApplication.java:318) ~[spring-boot-3.4.2.jar:3.4.2]
	at org.springframework.boot.SpringApplication.run(SpringApplication.java:1361) ~[spring-boot-3.4.2.jar:3.4.2]
	at org.springframework.boot.SpringApplication.run(SpringApplication.java:1350) ~[spring-boot-3.4.2.jar:3.4.2]
	at src.spring.ApplicationRunner.main(ApplicationRunner.java:20) ~[main/:na]
Caused by: jakarta.persistence.PersistenceException: [PersistenceUnit: default] Unable to build Hibernate SessionFactory; nested exception is java.lang.IllegalArgumentException: Unrecognized 'hibernate.hbm2ddl.auto' setting: 'validat e'
	at org.springframework.orm.jpa.AbstractEntityManagerFactoryBean.buildNativeEntityManagerFactory(AbstractEntityManagerFactoryBean.java:431) ~[spring-orm-6.2.2.jar:6.2.2]
	at org.springframework.orm.jpa.AbstractEntityManagerFactoryBean.afterPropertiesSet(AbstractEntityManagerFactoryBean.java:400) ~[spring-orm-6.2.2.jar:6.2.2]
	at org.springframework.orm.jpa.LocalContainerEntityManagerFactoryBean.afterPropertiesSet(LocalContainerEntityManagerFactoryBean.java:366) ~[spring-orm-6.2.2.jar:6.2.2]
	at org.springframework.beans.factory.support.AbstractAutowireCapableBeanFactory.invokeInitMethods(AbstractAutowireCapableBeanFactory.java:1859) ~[spring-beans-6.2.2.jar:6.2.2]
	at org.springframework.beans.factory.support.AbstractAutowireCapableBeanFactory.initializeBean(AbstractAutowireCapableBeanFactory.java:1808) ~[spring-beans-6.2.2.jar:6.2.2]
	... 14 common frames omitted
Caused by: java.lang.IllegalArgumentException: Unrecognized 'hibernate.hbm2ddl.auto' setting: 'validat e'
	at org.hibernate.tool.schema.Action.interpretHbm2ddlSetting(Action.java:305) ~[hibernate-core-6.6.5.Final.jar:6.6.5.Final]
	at org.hibernate.tool.schema.spi.SchemaManagementToolCoordinator$ActionGrouping.determineAutoSettingImpliedAction(SchemaManagementToolCoordinator.java:721) ~[hibernate-core-6.6.5.Final.jar:6.6.5.Final]
	at org.hibernate.tool.schema.spi.SchemaManagementToolCoordinator$ActionGrouping.interpret(SchemaManagementToolCoordinator.java:729) ~[hibernate-core-6.6.5.Final.jar:6.6.5.Final]
	at org.hibernate.tool.schema.spi.SchemaManagementToolCoordinator$ActionGrouping.interpret(SchemaManagementToolCoordinator.java:766) ~[hibernate-core-6.6.5.Final.jar:6.6.5.Final]
	at org.hibernate.boot.internal.MetadataImpl.shouldOrderTableColumns(MetadataImpl.java:476) ~[hibernate-core-6.6.5.Final.jar:6.6.5.Final]
	at org.hibernate.boot.internal.MetadataImpl.orderColumns(MetadataImpl.java:405) ~[hibernate-core-6.6.5.Final.jar:6.6.5.Final]
	at org.hibernate.internal.SessionFactoryImpl.<init>(SessionFactoryImpl.java:281) ~[hibernate-core-6.6.5.Final.jar:6.6.5.Final]
	at org.hibernate.boot.internal.SessionFactoryBuilderImpl.build(SessionFactoryBuilderImpl.java:463) ~[hibernate-core-6.6.5.Final.jar:6.6.5.Final]
	at org.hibernate.jpa.boot.internal.EntityManagerFactoryBuilderImpl.build(EntityManagerFactoryBuilderImpl.java:1506) ~[hibernate-core-6.6.5.Final.jar:6.6.5.Final]
	at org.springframework.orm.jpa.vendor.SpringHibernateJpaPersistenceProvider.createContainerEntityManagerFactory(SpringHibernateJpaPersistenceProvider.java:66) ~[spring-orm-6.2.2.jar:6.2.2]
	at org.springframework.orm.jpa.LocalContainerEntityManagerFactoryBean.createNativeEntityManagerFactory(LocalContainerEntityManagerFactoryBean.java:390) ~[spring-orm-6.2.2.jar:6.2.2]
	at org.springframework.orm.jpa.AbstractEntityManagerFactoryBean.buildNativeEntityManagerFactory(AbstractEntityManagerFactoryBean.java:419) ~[spring-orm-6.2.2.jar:6.2.2]
	... 18 common frames omitted

2025-02-10T16:41:53.292+03:00  INFO 18352 --- [main] src.spring.ApplicationRunner             : Starting ApplicationRunner using Java 21.0.6 with PID 18352 (/home/dm/JavaWorkspace/spring-boot-starter/build/classes/java/main started by dm in /home/dm/JavaWorkspace/spring-boot-starter)
2025-02-10T16:41:53.293+03:00  INFO 18352 --- [main] src.spring.ApplicationRunner             : No active profile set, falling back to 1 default profile: "default"
2025-02-10T16:41:53.551+03:00  INFO 18352 --- [main] .s.d.r.c.RepositoryConfigurationDelegate : Bootstrapping Spring Data JPA repositories in DEFAULT mode.
2025-02-10T16:41:53.588+03:00  INFO 18352 --- [main] .s.d.r.c.RepositoryConfigurationDelegate : Finished Spring Data repository scanning in 33 ms. Found 2 JPA repository interfaces.
2025-02-10T16:41:53.976+03:00  INFO 18352 --- [main] com.zaxxer.hikari.HikariDataSource       : HikariPool-1 - Starting...
2025-02-10T16:41:54.073+03:00  INFO 18352 --- [main] com.zaxxer.hikari.pool.HikariPool        : HikariPool-1 - Added connection org.postgresql.jdbc.PgConnection@4d1ff6b1
2025-02-10T16:41:54.074+03:00  INFO 18352 --- [main] com.zaxxer.hikari.HikariDataSource       : HikariPool-1 - Start completed.
2025-02-10T16:41:54.154+03:00  INFO 18352 --- [main] liquibase.database                       : Set default schema name to public
2025-02-10T16:41:54.382+03:00  INFO 18352 --- [main] liquibase.changelog                      : Reading from public.databasechangelog
2025-02-10T16:41:54.420+03:00  INFO 18352 --- [main] liquibase.ui                             : Database is up to date, no changesets to execute
2025-02-10T16:41:54.422+03:00  INFO 18352 --- [main] liquibase.changelog                      : Reading from public.databasechangelog
2025-02-10T16:41:54.428+03:00  INFO 18352 --- [main] liquibase.util                           : UPDATE SUMMARY
2025-02-10T16:41:54.429+03:00  INFO 18352 --- [main] liquibase.util                           : Run:                          0
2025-02-10T16:41:54.429+03:00  INFO 18352 --- [main] liquibase.util                           : Previously run:               8
2025-02-10T16:41:54.429+03:00  INFO 18352 --- [main] liquibase.util                           : Filtered out:                 0
2025-02-10T16:41:54.429+03:00  INFO 18352 --- [main] liquibase.util                           : -------------------------------
2025-02-10T16:41:54.429+03:00  INFO 18352 --- [main] liquibase.util                           : Total change sets:            8
2025-02-10T16:41:54.429+03:00  INFO 18352 --- [main] liquibase.util                           : Update summary generated
2025-02-10T16:41:54.430+03:00  INFO 18352 --- [main] liquibase.command                        : Command execution complete
2025-02-10T16:41:54.483+03:00  INFO 18352 --- [main] o.hibernate.jpa.internal.util.LogHelper  : HHH000204: Processing PersistenceUnitInfo [name: default]
2025-02-10T16:41:54.517+03:00  INFO 18352 --- [main] org.hibernate.Version                    : HHH000412: Hibernate ORM core version 6.6.5.Final
2025-02-10T16:41:54.537+03:00  INFO 18352 --- [main] o.h.c.internal.RegionFactoryInitiator    : HHH000026: Second-level cache disabled
2025-02-10T16:41:54.603+03:00  INFO 18352 --- [main] o.h.e.boot.internal.EnversServiceImpl    : Envers integration enabled? : true
2025-02-10T16:41:54.732+03:00  INFO 18352 --- [main] o.s.o.j.p.SpringPersistenceUnitInfo      : No LoadTimeWeaver setup: ignoring JPA class transformer
2025-02-10T16:41:54.778+03:00  INFO 18352 --- [main] org.hibernate.orm.connections.pooling    : HHH10001005: Database info:
	Database JDBC URL [Connecting through datasource 'HikariDataSource (HikariPool-1)']
	Database driver: undefined/unknown
	Database version: 17.2
	Autocommit mode: undefined/unknown
	Isolation level: undefined/unknown
	Minimum pool size: undefined/unknown
	Maximum pool size: undefined/unknown
2025-02-10T16:41:54.957+03:00  INFO 18352 --- [main] o.h.e.c.i.m.AuditMetadataGenerator       : Adding properties for entity: src.spring.database.entity.User
2025-02-10T16:41:55.479+03:00  INFO 18352 --- [main] o.h.e.t.j.p.i.JtaPlatformInitiator       : HHH000489: No JTA platform available (set 'hibernate.transaction.jta.platform' to enable JTA platform integration)
2025-02-10T16:41:55.758+03:00  INFO 18352 --- [main] j.LocalContainerEntityManagerFactoryBean : Initialized JPA EntityManagerFactory for persistence unit 'default'
2025-02-10T16:41:55.764+03:00  INFO 18352 --- [main] src.spring.config.JpaConfiguration       : JpaConfiguration init
2025-02-10T16:41:55.768+03:00  INFO 18352 --- [main] s.spring.database.pool.ConnectionPool    : Initializing connection pool
2025-02-10T16:41:55.923+03:00  INFO 18352 --- [main] o.s.d.j.r.query.QueryEnhancerFactory     : Hibernate is in classpath; If applicable, HQL parser will be used.
2025-02-10T16:41:56.251+03:00  INFO 18352 --- [main] s.spring.database.pool.ConnectionPool    : Initializing connection pool
2025-02-10T16:41:56.252+03:00  INFO 18352 --- [main] s.spring.database.pool.ConnectionPool    : Initializing connection pool
2025-02-10T16:41:56.352+03:00  INFO 18352 --- [main] src.spring.ApplicationRunner             : Started ApplicationRunner in 3.341 seconds (process running for 3.684)
2025-02-10T16:41:56.360+03:00  INFO 18352 --- [SpringApplicationShutdownHook] s.spring.database.pool.ConnectionPool    : Destroying connection pool
2025-02-10T16:41:56.360+03:00  INFO 18352 --- [SpringApplicationShutdownHook] s.spring.database.pool.ConnectionPool    : Destroying connection pool
2025-02-10T16:41:56.361+03:00  INFO 18352 --- [SpringApplicationShutdownHook] s.spring.database.pool.ConnectionPool    : Destroying connection pool
2025-02-10T16:41:56.361+03:00  INFO 18352 --- [SpringApplicationShutdownHook] j.LocalContainerEntityManagerFactoryBean : Closing JPA EntityManagerFactory for persistence unit 'default'
2025-02-10T16:41:56.362+03:00  INFO 18352 --- [SpringApplicationShutdownHook] com.zaxxer.hikari.HikariDataSource       : HikariPool-1 - Shutdown initiated...
2025-02-10T16:41:56.364+03:00  INFO 18352 --- [SpringApplicationShutdownHook] com.zaxxer.hikari.HikariDataSource       : HikariPool-1 - Shutdown completed.
2025-02-10T18:54:55.177+03:00  INFO 5178 --- [main] src.spring.ApplicationRunner             : Starting ApplicationRunner using Java 21.0.6 with PID 5178 (/home/dm/JavaWorkspace/spring-boot-starter/build/classes/java/main started by dm in /home/dm/JavaWorkspace/spring-boot-starter)
2025-02-10T18:54:55.179+03:00  INFO 5178 --- [main] src.spring.ApplicationRunner             : No active profile set, falling back to 1 default profile: "default"
2025-02-10T18:54:55.584+03:00  INFO 5178 --- [main] .s.d.r.c.RepositoryConfigurationDelegate : Bootstrapping Spring Data JPA repositories in DEFAULT mode.
2025-02-10T18:54:55.636+03:00  INFO 5178 --- [main] .s.d.r.c.RepositoryConfigurationDelegate : Finished Spring Data repository scanning in 46 ms. Found 2 JPA repository interfaces.
2025-02-10T18:54:56.269+03:00  INFO 5178 --- [main] o.s.b.w.embedded.tomcat.TomcatWebServer  : Tomcat initialized with port 8080 (http)
2025-02-10T18:54:56.281+03:00  INFO 5178 --- [main] o.apache.catalina.core.StandardService   : Starting service [Tomcat]
2025-02-10T18:54:56.282+03:00  INFO 5178 --- [main] o.apache.catalina.core.StandardEngine    : Starting Servlet engine: [Apache Tomcat/10.1.34]
2025-02-10T18:54:56.315+03:00  INFO 5178 --- [main] o.a.c.c.C.[Tomcat].[localhost].[/]       : Initializing Spring embedded WebApplicationContext
2025-02-10T18:54:56.315+03:00  INFO 5178 --- [main] w.s.c.ServletWebServerApplicationContext : Root WebApplicationContext: initialization completed in 1101 ms
2025-02-10T18:54:56.429+03:00  INFO 5178 --- [main] com.zaxxer.hikari.HikariDataSource       : HikariPool-1 - Starting...
2025-02-10T18:54:57.473+03:00  WARN 5178 --- [main] ConfigServletWebServerApplicationContext : Exception encountered during context initialization - cancelling refresh attempt: org.springframework.beans.factory.BeanCreationException: Error creating bean with name 'entityManagerFactory' defined in class path resource [org/springframework/boot/autoconfigure/orm/jpa/HibernateJpaConfiguration.class]: Failed to initialize dependency 'liquibase' of LoadTimeWeaverAware bean 'entityManagerFactory': Error creating bean with name 'liquibase' defined in class path resource [org/springframework/boot/autoconfigure/liquibase/LiquibaseAutoConfiguration$LiquibaseConfiguration.class]: liquibase.exception.DatabaseException: org.postgresql.util.PSQLException:    localhost:5432 .          postmaster  TCP/IP-.
2025-02-10T18:54:57.475+03:00  INFO 5178 --- [main] o.apache.catalina.core.StandardService   : Stopping service [Tomcat]
2025-02-10T18:54:57.485+03:00  INFO 5178 --- [main] .s.b.a.l.ConditionEvaluationReportLogger : 

Error starting ApplicationContext. To display the condition evaluation report re-run your application with 'debug' enabled.
2025-02-10T18:54:57.500+03:00 ERROR 5178 --- [main] o.s.boot.SpringApplication               : Application run failed

org.springframework.beans.factory.BeanCreationException: Error creating bean with name 'entityManagerFactory' defined in class path resource [org/springframework/boot/autoconfigure/orm/jpa/HibernateJpaConfiguration.class]: Failed to initialize dependency 'liquibase' of LoadTimeWeaverAware bean 'entityManagerFactory': Error creating bean with name 'liquibase' defined in class path resource [org/springframework/boot/autoconfigure/liquibase/LiquibaseAutoConfiguration$LiquibaseConfiguration.class]: liquibase.exception.DatabaseException: org.postgresql.util.PSQLException:    localhost:5432 .          postmaster  TCP/IP-.
	at org.springframework.beans.factory.support.AbstractBeanFactory.doGetBean(AbstractBeanFactory.java:325) ~[spring-beans-6.2.2.jar:6.2.2]
	at org.springframework.beans.factory.support.AbstractBeanFactory.getBean(AbstractBeanFactory.java:204) ~[spring-beans-6.2.2.jar:6.2.2]
	at org.springframework.context.support.AbstractApplicationContext.finishBeanFactoryInitialization(AbstractApplicationContext.java:970) ~[spring-context-6.2.2.jar:6.2.2]
	at org.springframework.context.support.AbstractApplicationContext.refresh(AbstractApplicationContext.java:627) ~[spring-context-6.2.2.jar:6.2.2]
	at org.springframework.boot.web.servlet.context.ServletWebServerApplicationContext.refresh(ServletWebServerApplicationContext.java:146) ~[spring-boot-3.4.2.jar:3.4.2]
	at org.springframework.boot.SpringApplication.refresh(SpringApplication.java:752) ~[spring-boot-3.4.2.jar:3.4.2]
	at org.springframework.boot.SpringApplication.refreshContext(SpringApplication.java:439) ~[spring-boot-3.4.2.jar:3.4.2]
	at org.springframework.boot.SpringApplication.run(SpringApplication.java:318) ~[spring-boot-3.4.2.jar:3.4.2]
	at org.springframework.boot.SpringApplication.run(SpringApplication.java:1361) ~[spring-boot-3.4.2.jar:3.4.2]
	at org.springframework.boot.SpringApplication.run(SpringApplication.java:1350) ~[spring-boot-3.4.2.jar:3.4.2]
	at src.spring.ApplicationRunner.main(ApplicationRunner.java:20) ~[main/:na]
Caused by: org.springframework.beans.factory.BeanCreationException: Error creating bean with name 'liquibase' defined in class path resource [org/springframework/boot/autoconfigure/liquibase/LiquibaseAutoConfiguration$LiquibaseConfiguration.class]: liquibase.exception.DatabaseException: org.postgresql.util.PSQLException:    localhost:5432 .          postmaster  TCP/IP-.
	at org.springframework.beans.factory.support.AbstractAutowireCapableBeanFactory.initializeBean(AbstractAutowireCapableBeanFactory.java:1812) ~[spring-beans-6.2.2.jar:6.2.2]
	at org.springframework.beans.factory.support.AbstractAutowireCapableBeanFactory.doCreateBean(AbstractAutowireCapableBeanFactory.java:601) ~[spring-beans-6.2.2.jar:6.2.2]
	at org.springframework.beans.factory.support.AbstractAutowireCapableBeanFactory.createBean(AbstractAutowireCapableBeanFactory.java:523) ~[spring-beans-6.2.2.jar:6.2.2]
	at org.springframework.beans.factory.support.AbstractBeanFactory.lambda$doGetBean$0(AbstractBeanFactory.java:336) ~[spring-beans-6.2.2.jar:6.2.2]
	at org.springframework.beans.factory.support.DefaultSingletonBeanRegistry.getSingleton(DefaultSingletonBeanRegistry.java:307) ~[spring-beans-6.2.2.jar:6.2.2]
	at org.springframework.beans.factory.support.AbstractBeanFactory.doGetBean(AbstractBeanFactory.java:334) ~[spring-beans-6.2.2.jar:6.2.2]
	at org.springframework.beans.factory.support.AbstractBeanFactory.getBean(AbstractBeanFactory.java:199) ~[spring-beans-6.2.2.jar:6.2.2]
	at org.springframework.beans.factory.support.AbstractBeanFactory.doGetBean(AbstractBeanFactory.java:312) ~[spring-beans-6.2.2.jar:6.2.2]
	... 10 common frames omitted
Caused by: liquibase.exception.UnexpectedLiquibaseException: liquibase.exception.DatabaseException: org.postgresql.util.PSQLException:    localhost:5432 .          postmaster  TCP/IP-.
	at liquibase.integration.spring.SpringLiquibase.afterPropertiesSet(SpringLiquibase.java:267) ~[liquibase-core-4.29.2.jar:na]
	at org.springframework.beans.factory.support.AbstractAutowireCapableBeanFactory.invokeInitMethods(AbstractAutowireCapableBeanFactory.java:1859) ~[spring-beans-6.2.2.jar:6.2.2]
	at org.springframework.beans.factory.support.AbstractAutowireCapableBeanFactory.initializeBean(AbstractAutowireCapableBeanFactory.java:1808) ~[spring-beans-6.2.2.jar:6.2.2]
	... 17 common frames omitted
Caused by: liquibase.exception.DatabaseException: org.postgresql.util.PSQLException:    localhost:5432 .          postmaster  TCP/IP-.
	at liquibase.integration.spring.SpringLiquibase.lambda$afterPropertiesSet$0(SpringLiquibase.java:259) ~[liquibase-core-4.29.2.jar:na]
	at liquibase.Scope.lambda$child$0(Scope.java:191) ~[liquibase-core-4.29.2.jar:na]
	at liquibase.Scope.child(Scope.java:200) ~[liquibase-core-4.29.2.jar:na]
	at liquibase.Scope.child(Scope.java:190) ~[liquibase-core-4.29.2.jar:na]
	at liquibase.Scope.child(Scope.java:169) ~[liquibase-core-4.29.2.jar:na]
	at liquibase.Scope.child(Scope.java:257) ~[liquibase-core-4.29.2.jar:na]
	at liquibase.integration.spring.SpringLiquibase.afterPropertiesSet(SpringLiquibase.java:250) ~[liquibase-core-4.29.2.jar:na]
	... 19 common frames omitted
Caused by: org.postgresql.util.PSQLException:    localhost:5432 .          postmaster  TCP/IP-.
	at org.postgresql.core.v3.ConnectionFactoryImpl.openConnectionImpl(ConnectionFactoryImpl.java:352) ~[postgresql-42.7.5.jar:42.7.5]
	at org.postgresql.core.ConnectionFactory.openConnection(ConnectionFactory.java:54) ~[postgresql-42.7.5.jar:42.7.5]
	at org.postgresql.jdbc.PgConnection.<init>(PgConnection.java:273) ~[postgresql-42.7.5.jar:42.7.5]
	at org.postgresql.Driver.makeConnection(Driver.java:446) ~[postgresql-42.7.5.jar:42.7.5]
	at org.postgresql.Driver.connect(Driver.java:298) ~[postgresql-42.7.5.jar:42.7.5]
	at com.zaxxer.hikari.util.DriverDataSource.getConnection(DriverDataSource.java:137) ~[HikariCP-5.1.0.jar:na]
	at com.zaxxer.hikari.pool.PoolBase.newConnection(PoolBase.java:360) ~[HikariCP-5.1.0.jar:na]
	at com.zaxxer.hikari.pool.PoolBase.newPoolEntry(PoolBase.java:202) ~[HikariCP-5.1.0.jar:na]
	at com.zaxxer.hikari.pool.HikariPool.createPoolEntry(HikariPool.java:461) ~[HikariCP-5.1.0.jar:na]
	at com.zaxxer.hikari.pool.HikariPool.checkFailFast(HikariPool.java:550) ~[HikariCP-5.1.0.jar:na]
	at com.zaxxer.hikari.pool.HikariPool.<init>(HikariPool.java:98) ~[HikariCP-5.1.0.jar:na]
	at com.zaxxer.hikari.HikariDataSource.getConnection(HikariDataSource.java:111) ~[HikariCP-5.1.0.jar:na]
	at liquibase.integration.spring.SpringLiquibase.lambda$afterPropertiesSet$0(SpringLiquibase.java:254) ~[liquibase-core-4.29.2.jar:na]
	... 25 common frames omitted
Caused by: java.net.ConnectException:   
	at java.base/sun.nio.ch.Net.pollConnect(Native Method) ~[na:na]
	at java.base/sun.nio.ch.Net.pollConnectNow(Net.java:682) ~[na:na]
	at java.base/sun.nio.ch.NioSocketImpl.timedFinishConnect(NioSocketImpl.java:542) ~[na:na]
	at java.base/sun.nio.ch.NioSocketImpl.connect(NioSocketImpl.java:592) ~[na:na]
	at java.base/java.net.SocksSocketImpl.connect(SocksSocketImpl.java:327) ~[na:na]
	at java.base/java.net.Socket.connect(Socket.java:751) ~[na:na]
	at org.postgresql.core.PGStream.createSocket(PGStream.java:260) ~[postgresql-42.7.5.jar:42.7.5]
	at org.postgresql.core.PGStream.<init>(PGStream.java:121) ~[postgresql-42.7.5.jar:42.7.5]
	at org.postgresql.core.v3.ConnectionFactoryImpl.tryConnect(ConnectionFactoryImpl.java:140) ~[postgresql-42.7.5.jar:42.7.5]
	at org.postgresql.core.v3.ConnectionFactoryImpl.openConnectionImpl(ConnectionFactoryImpl.java:268) ~[postgresql-42.7.5.jar:42.7.5]
	... 37 common frames omitted

2025-02-10T19:00:17.671+03:00  INFO 6428 --- [main] src.spring.ApplicationRunner             : Starting ApplicationRunner using Java 21.0.6 with PID 6428 (/home/dm/JavaWorkspace/spring-boot-starter/build/classes/java/main started by dm in /home/dm/JavaWorkspace/spring-boot-starter)
2025-02-10T19:00:17.674+03:00  INFO 6428 --- [main] src.spring.ApplicationRunner             : No active profile set, falling back to 1 default profile: "default"
2025-02-10T19:00:18.259+03:00  INFO 6428 --- [main] .s.d.r.c.RepositoryConfigurationDelegate : Bootstrapping Spring Data JPA repositories in DEFAULT mode.
2025-02-10T19:00:18.336+03:00  INFO 6428 --- [main] .s.d.r.c.RepositoryConfigurationDelegate : Finished Spring Data repository scanning in 66 ms. Found 2 JPA repository interfaces.
2025-02-10T19:00:19.271+03:00  INFO 6428 --- [main] o.s.b.w.embedded.tomcat.TomcatWebServer  : Tomcat initialized with port 8080 (http)
2025-02-10T19:00:19.288+03:00  INFO 6428 --- [main] o.apache.catalina.core.StandardService   : Starting service [Tomcat]
2025-02-10T19:00:19.288+03:00  INFO 6428 --- [main] o.apache.catalina.core.StandardEngine    : Starting Servlet engine: [Apache Tomcat/10.1.34]
2025-02-10T19:00:19.340+03:00  INFO 6428 --- [main] o.a.c.c.C.[Tomcat].[localhost].[/]       : Initializing Spring embedded WebApplicationContext
2025-02-10T19:00:19.340+03:00  INFO 6428 --- [main] w.s.c.ServletWebServerApplicationContext : Root WebApplicationContext: initialization completed in 1616 ms
2025-02-10T19:00:19.499+03:00  INFO 6428 --- [main] com.zaxxer.hikari.HikariDataSource       : HikariPool-1 - Starting...
2025-02-10T19:00:19.713+03:00  INFO 6428 --- [main] com.zaxxer.hikari.pool.HikariPool        : HikariPool-1 - Added connection org.postgresql.jdbc.PgConnection@60b5e80d
2025-02-10T19:00:19.716+03:00  INFO 6428 --- [main] com.zaxxer.hikari.HikariDataSource       : HikariPool-1 - Start completed.
2025-02-10T19:00:19.925+03:00  INFO 6428 --- [main] liquibase.database                       : Set default schema name to public
2025-02-10T19:00:20.292+03:00  INFO 6428 --- [main] liquibase.changelog                      : Creating database history table with name: public.databasechangelog
2025-02-10T19:00:20.331+03:00  INFO 6428 --- [main] liquibase.changelog                      : Reading from public.databasechangelog
2025-02-10T19:00:20.403+03:00  INFO 6428 --- [main] liquibase.lockservice                    : Successfully acquired change log lock
2025-02-10T19:00:20.405+03:00  INFO 6428 --- [main] liquibase.command                        : Using deploymentId: 9203220405
2025-02-10T19:00:20.408+03:00  INFO 6428 --- [main] liquibase.changelog                      : Reading from public.databasechangelog
2025-02-10T19:00:20.418+03:00  INFO 6428 --- [main] liquibase.ui                             : Running Changeset: db/changelog/db.changelog-1.0.sql::1::dmshed
2025-02-10T19:00:20.434+03:00  INFO 6428 --- [main] liquibase.changelog                      : Custom SQL executed
2025-02-10T19:00:20.436+03:00  INFO 6428 --- [main] liquibase.changelog                      : ChangeSet db/changelog/db.changelog-1.0.sql::1::dmshed ran successfully in 17ms
2025-02-10T19:00:20.443+03:00  INFO 6428 --- [main] liquibase.ui                             : Running Changeset: db/changelog/db.changelog-1.0.sql::2::dmshed
2025-02-10T19:00:20.450+03:00  INFO 6428 --- [main] liquibase.changelog                      : Custom SQL executed
2025-02-10T19:00:20.451+03:00  INFO 6428 --- [main] liquibase.changelog                      : ChangeSet db/changelog/db.changelog-1.0.sql::2::dmshed ran successfully in 8ms
2025-02-10T19:00:20.455+03:00  INFO 6428 --- [main] liquibase.ui                             : Running Changeset: db/changelog/db.changelog-1.0.sql::3::dmshed
2025-02-10T19:00:20.464+03:00  INFO 6428 --- [main] liquibase.changelog                      : Custom SQL executed
2025-02-10T19:00:20.465+03:00  INFO 6428 --- [main] liquibase.changelog                      : ChangeSet db/changelog/db.changelog-1.0.sql::3::dmshed ran successfully in 10ms
2025-02-10T19:00:20.469+03:00  INFO 6428 --- [main] liquibase.ui                             : Running Changeset: db/changelog/db.changelog-1.0.sql::4::dmshed
2025-02-10T19:00:20.475+03:00  INFO 6428 --- [main] liquibase.changelog                      : Custom SQL executed
2025-02-10T19:00:20.476+03:00  INFO 6428 --- [main] liquibase.changelog                      : ChangeSet db/changelog/db.changelog-1.0.sql::4::dmshed ran successfully in 6ms
2025-02-10T19:00:20.479+03:00  INFO 6428 --- [main] liquibase.ui                             : Running Changeset: db/changelog/db.changelog-1.0.sql::5::dmshed
2025-02-10T19:00:20.484+03:00  INFO 6428 --- [main] liquibase.changelog                      : Custom SQL executed
2025-02-10T19:00:20.485+03:00  INFO 6428 --- [main] liquibase.changelog                      : ChangeSet db/changelog/db.changelog-1.0.sql::5::dmshed ran successfully in 5ms
2025-02-10T19:00:20.489+03:00  INFO 6428 --- [main] liquibase.ui                             : Running Changeset: db/changelog/db.changelog-1.0.sql::6::dmshed
2025-02-10T19:00:20.495+03:00  INFO 6428 --- [main] liquibase.changelog                      : Custom SQL executed
2025-02-10T19:00:20.496+03:00  INFO 6428 --- [main] liquibase.changelog                      : ChangeSet db/changelog/db.changelog-1.0.sql::6::dmshed ran successfully in 7ms
2025-02-10T19:00:20.500+03:00  INFO 6428 --- [main] liquibase.ui                             : Running Changeset: db/changelog/db.changelog-2.0.sql::1::dmshed
2025-02-10T19:00:20.507+03:00  INFO 6428 --- [main] liquibase.changelog                      : Custom SQL executed
2025-02-10T19:00:20.508+03:00  INFO 6428 --- [main] liquibase.changelog                      : ChangeSet db/changelog/db.changelog-2.0.sql::1::dmshed ran successfully in 8ms
2025-02-10T19:00:20.512+03:00  INFO 6428 --- [main] liquibase.ui                             : Running Changeset: db/changelog/db.changelog-2.1.sql::1::dmshed
2025-02-10T19:00:20.522+03:00  INFO 6428 --- [main] liquibase.changelog                      : Custom SQL executed
2025-02-10T19:00:20.523+03:00  INFO 6428 --- [main] liquibase.changelog                      : ChangeSet db/changelog/db.changelog-2.1.sql::1::dmshed ran successfully in 10ms
2025-02-10T19:00:20.534+03:00  INFO 6428 --- [main] liquibase.util                           : UPDATE SUMMARY
2025-02-10T19:00:20.535+03:00  INFO 6428 --- [main] liquibase.util                           : Run:                          8
2025-02-10T19:00:20.535+03:00  INFO 6428 --- [main] liquibase.util                           : Previously run:               0
2025-02-10T19:00:20.535+03:00  INFO 6428 --- [main] liquibase.util                           : Filtered out:                 0
2025-02-10T19:00:20.536+03:00  INFO 6428 --- [main] liquibase.util                           : -------------------------------
2025-02-10T19:00:20.536+03:00  INFO 6428 --- [main] liquibase.util                           : Total change sets:            8
2025-02-10T19:00:20.537+03:00  INFO 6428 --- [main] liquibase.util                           : Update summary generated
2025-02-10T19:00:20.540+03:00  INFO 6428 --- [main] liquibase.command                        : Update command completed successfully.
2025-02-10T19:00:20.540+03:00  INFO 6428 --- [main] liquibase.ui                             : Liquibase: Update has been successful. Rows affected: 8
2025-02-10T19:00:20.544+03:00  INFO 6428 --- [main] liquibase.lockservice                    : Successfully released change log lock
2025-02-10T19:00:20.546+03:00  INFO 6428 --- [main] liquibase.command                        : Command execution complete
2025-02-10T19:00:20.656+03:00  INFO 6428 --- [main] o.hibernate.jpa.internal.util.LogHelper  : HHH000204: Processing PersistenceUnitInfo [name: default]
2025-02-10T19:00:20.737+03:00  INFO 6428 --- [main] org.hibernate.Version                    : HHH000412: Hibernate ORM core version 6.6.5.Final
2025-02-10T19:00:20.785+03:00  INFO 6428 --- [main] o.h.c.internal.RegionFactoryInitiator    : HHH000026: Second-level cache disabled
2025-02-10T19:00:20.894+03:00  INFO 6428 --- [main] o.h.e.boot.internal.EnversServiceImpl    : Envers integration enabled? : true
2025-02-10T19:00:21.146+03:00  INFO 6428 --- [main] o.s.o.j.p.SpringPersistenceUnitInfo      : No LoadTimeWeaver setup: ignoring JPA class transformer
2025-02-10T19:00:21.236+03:00  INFO 6428 --- [main] org.hibernate.orm.connections.pooling    : HHH10001005: Database info:
	Database JDBC URL [Connecting through datasource 'HikariDataSource (HikariPool-1)']
	Database driver: undefined/unknown
	Database version: 17.2
	Autocommit mode: undefined/unknown
	Isolation level: undefined/unknown
	Minimum pool size: undefined/unknown
	Maximum pool size: undefined/unknown
2025-02-10T19:00:21.553+03:00  INFO 6428 --- [main] o.h.e.c.i.m.AuditMetadataGenerator       : Adding properties for entity: src.spring.database.entity.User
2025-02-10T19:00:22.502+03:00  INFO 6428 --- [main] o.h.e.t.j.p.i.JtaPlatformInitiator       : HHH000489: No JTA platform available (set 'hibernate.transaction.jta.platform' to enable JTA platform integration)
2025-02-10T19:00:23.023+03:00  INFO 6428 --- [main] j.LocalContainerEntityManagerFactoryBean : Initialized JPA EntityManagerFactory for persistence unit 'default'
2025-02-10T19:00:23.032+03:00  INFO 6428 --- [main] src.spring.config.JpaConfiguration       : JpaConfiguration init
2025-02-10T19:00:23.037+03:00  INFO 6428 --- [main] s.spring.database.pool.ConnectionPool    : Initializing connection pool
2025-02-10T19:00:23.325+03:00  INFO 6428 --- [main] o.s.d.j.r.query.QueryEnhancerFactory     : Hibernate is in classpath; If applicable, HQL parser will be used.
2025-02-10T19:00:23.929+03:00  INFO 6428 --- [main] s.spring.database.pool.ConnectionPool    : Initializing connection pool
2025-02-10T19:00:23.930+03:00  INFO 6428 --- [main] s.spring.database.pool.ConnectionPool    : Initializing connection pool
2025-02-10T19:00:23.992+03:00  WARN 6428 --- [main] JpaBaseConfiguration$JpaWebConfiguration : spring.jpa.open-in-view is enabled by default. Therefore, database queries may be performed during view rendering. Explicitly configure spring.jpa.open-in-view to disable this warning
2025-02-10T19:00:24.333+03:00  INFO 6428 --- [main] o.s.b.w.embedded.tomcat.TomcatWebServer  : Tomcat started on port 8080 (http) with context path '/'
2025-02-10T19:00:24.341+03:00  INFO 6428 --- [main] src.spring.ApplicationRunner             : Started ApplicationRunner in 7.202 seconds (process running for 7.968)
2025-02-10T19:32:49.008+03:00  INFO 6428 --- [SpringApplicationShutdownHook] o.s.b.w.e.tomcat.GracefulShutdown        : Commencing graceful shutdown. Waiting for active requests to complete
2025-02-10T19:32:49.012+03:00  INFO 6428 --- [tomcat-shutdown] o.s.b.w.e.tomcat.GracefulShutdown        : Graceful shutdown complete
2025-02-10T19:32:49.018+03:00  INFO 6428 --- [SpringApplicationShutdownHook] s.spring.database.pool.ConnectionPool    : Destroying connection pool
2025-02-10T19:32:49.019+03:00  INFO 6428 --- [SpringApplicationShutdownHook] s.spring.database.pool.ConnectionPool    : Destroying connection pool
2025-02-10T19:32:49.020+03:00  INFO 6428 --- [SpringApplicationShutdownHook] s.spring.database.pool.ConnectionPool    : Destroying connection pool
2025-02-10T19:32:49.021+03:00  INFO 6428 --- [SpringApplicationShutdownHook] j.LocalContainerEntityManagerFactoryBean : Closing JPA EntityManagerFactory for persistence unit 'default'
2025-02-10T19:32:49.024+03:00  INFO 6428 --- [SpringApplicationShutdownHook] com.zaxxer.hikari.HikariDataSource       : HikariPool-1 - Shutdown initiated...
2025-02-10T19:32:49.028+03:00  INFO 6428 --- [SpringApplicationShutdownHook] com.zaxxer.hikari.HikariDataSource       : HikariPool-1 - Shutdown completed.
2025-02-10T20:57:31.620+03:00  INFO 5397 --- [main] src.spring.ApplicationRunner             : Starting ApplicationRunner using Java 21.0.6 with PID 5397 (/home/dm/JavaWorkspace/spring-boot-starter/build/classes/java/main started by dm in /home/dm/JavaWorkspace/spring-boot-starter)
2025-02-10T20:57:31.623+03:00  INFO 5397 --- [main] src.spring.ApplicationRunner             : No active profile set, falling back to 1 default profile: "default"
2025-02-10T20:57:32.268+03:00  INFO 5397 --- [main] .s.d.r.c.RepositoryConfigurationDelegate : Bootstrapping Spring Data JPA repositories in DEFAULT mode.
2025-02-10T20:57:32.341+03:00  INFO 5397 --- [main] .s.d.r.c.RepositoryConfigurationDelegate : Finished Spring Data repository scanning in 63 ms. Found 2 JPA repository interfaces.
2025-02-10T20:57:33.202+03:00  INFO 5397 --- [main] o.s.b.w.embedded.tomcat.TomcatWebServer  : Tomcat initialized with port 8080 (http)
2025-02-10T20:57:33.215+03:00  INFO 5397 --- [main] o.apache.catalina.core.StandardService   : Starting service [Tomcat]
2025-02-10T20:57:33.216+03:00  INFO 5397 --- [main] o.apache.catalina.core.StandardEngine    : Starting Servlet engine: [Apache Tomcat/10.1.34]
2025-02-10T20:57:33.349+03:00  INFO 5397 --- [main] org.apache.jasper.servlet.TldScanner     : At least one JAR was scanned for TLDs yet contained no TLDs. Enable debug logging for this logger for a complete list of JARs that were scanned but no TLDs were found in them. Skipping unneeded JARs during scanning can improve startup time and JSP compilation time.
2025-02-10T20:57:33.353+03:00  INFO 5397 --- [main] o.a.c.c.C.[Tomcat].[localhost].[/]       : Initializing Spring embedded WebApplicationContext
2025-02-10T20:57:33.353+03:00  INFO 5397 --- [main] w.s.c.ServletWebServerApplicationContext : Root WebApplicationContext: initialization completed in 1668 ms
2025-02-10T20:57:33.485+03:00  INFO 5397 --- [main] com.zaxxer.hikari.HikariDataSource       : HikariPool-1 - Starting...
2025-02-10T20:57:33.611+03:00  INFO 5397 --- [main] com.zaxxer.hikari.pool.HikariPool        : HikariPool-1 - Added connection org.postgresql.jdbc.PgConnection@7708b66a
2025-02-10T20:57:33.613+03:00  INFO 5397 --- [main] com.zaxxer.hikari.HikariDataSource       : HikariPool-1 - Start completed.
2025-02-10T20:57:33.719+03:00  INFO 5397 --- [main] liquibase.database                       : Set default schema name to public
2025-02-10T20:57:33.929+03:00  INFO 5397 --- [main] liquibase.changelog                      : Creating database history table with name: public.databasechangelog
2025-02-10T20:57:33.961+03:00  INFO 5397 --- [main] liquibase.changelog                      : Reading from public.databasechangelog
2025-02-10T20:57:34.005+03:00  INFO 5397 --- [main] liquibase.lockservice                    : Successfully acquired change log lock
2025-02-10T20:57:34.006+03:00  INFO 5397 --- [main] liquibase.command                        : Using deploymentId: 9210254006
2025-02-10T20:57:34.009+03:00  INFO 5397 --- [main] liquibase.changelog                      : Reading from public.databasechangelog
2025-02-10T20:57:34.016+03:00  INFO 5397 --- [main] liquibase.ui                             : Running Changeset: db/changelog/db.changelog-1.0.sql::1::dmshed
2025-02-10T20:57:34.027+03:00  INFO 5397 --- [main] liquibase.changelog                      : Custom SQL executed
2025-02-10T20:57:34.028+03:00  INFO 5397 --- [main] liquibase.changelog                      : ChangeSet db/changelog/db.changelog-1.0.sql::1::dmshed ran successfully in 11ms
2025-02-10T20:57:34.034+03:00  INFO 5397 --- [main] liquibase.ui                             : Running Changeset: db/changelog/db.changelog-1.0.sql::2::dmshed
2025-02-10T20:57:34.038+03:00  INFO 5397 --- [main] liquibase.changelog                      : Custom SQL executed
2025-02-10T20:57:34.039+03:00  INFO 5397 --- [main] liquibase.changelog                      : ChangeSet db/changelog/db.changelog-1.0.sql::2::dmshed ran successfully in 5ms
2025-02-10T20:57:34.042+03:00  INFO 5397 --- [main] liquibase.ui                             : Running Changeset: db/changelog/db.changelog-1.0.sql::3::dmshed
2025-02-10T20:57:34.047+03:00  INFO 5397 --- [main] liquibase.changelog                      : Custom SQL executed
2025-02-10T20:57:34.048+03:00  INFO 5397 --- [main] liquibase.changelog                      : ChangeSet db/changelog/db.changelog-1.0.sql::3::dmshed ran successfully in 6ms
2025-02-10T20:57:34.051+03:00  INFO 5397 --- [main] liquibase.ui                             : Running Changeset: db/changelog/db.changelog-1.0.sql::4::dmshed
2025-02-10T20:57:34.054+03:00  INFO 5397 --- [main] liquibase.changelog                      : Custom SQL executed
2025-02-10T20:57:34.055+03:00  INFO 5397 --- [main] liquibase.changelog                      : ChangeSet db/changelog/db.changelog-1.0.sql::4::dmshed ran successfully in 4ms
2025-02-10T20:57:34.058+03:00  INFO 5397 --- [main] liquibase.ui                             : Running Changeset: db/changelog/db.changelog-1.0.sql::5::dmshed
2025-02-10T20:57:34.061+03:00  INFO 5397 --- [main] liquibase.changelog                      : Custom SQL executed
2025-02-10T20:57:34.062+03:00  INFO 5397 --- [main] liquibase.changelog                      : ChangeSet db/changelog/db.changelog-1.0.sql::5::dmshed ran successfully in 4ms
2025-02-10T20:57:34.064+03:00  INFO 5397 --- [main] liquibase.ui                             : Running Changeset: db/changelog/db.changelog-1.0.sql::6::dmshed
2025-02-10T20:57:34.068+03:00  INFO 5397 --- [main] liquibase.changelog                      : Custom SQL executed
2025-02-10T20:57:34.069+03:00  INFO 5397 --- [main] liquibase.changelog                      : ChangeSet db/changelog/db.changelog-1.0.sql::6::dmshed ran successfully in 4ms
2025-02-10T20:57:34.072+03:00  INFO 5397 --- [main] liquibase.ui                             : Running Changeset: db/changelog/db.changelog-2.0.sql::1::dmshed
2025-02-10T20:57:34.077+03:00  INFO 5397 --- [main] liquibase.changelog                      : Custom SQL executed
2025-02-10T20:57:34.077+03:00  INFO 5397 --- [main] liquibase.changelog                      : ChangeSet db/changelog/db.changelog-2.0.sql::1::dmshed ran successfully in 5ms
2025-02-10T20:57:34.080+03:00  INFO 5397 --- [main] liquibase.ui                             : Running Changeset: db/changelog/db.changelog-2.1.sql::1::dmshed
2025-02-10T20:57:34.086+03:00  INFO 5397 --- [main] liquibase.changelog                      : Custom SQL executed
2025-02-10T20:57:34.086+03:00  INFO 5397 --- [main] liquibase.changelog                      : ChangeSet db/changelog/db.changelog-2.1.sql::1::dmshed ran successfully in 6ms
2025-02-10T20:57:34.092+03:00  INFO 5397 --- [main] liquibase.util                           : UPDATE SUMMARY
2025-02-10T20:57:34.092+03:00  INFO 5397 --- [main] liquibase.util                           : Run:                          8
2025-02-10T20:57:34.092+03:00  INFO 5397 --- [main] liquibase.util                           : Previously run:               0
2025-02-10T20:57:34.092+03:00  INFO 5397 --- [main] liquibase.util                           : Filtered out:                 0
2025-02-10T20:57:34.092+03:00  INFO 5397 --- [main] liquibase.util                           : -------------------------------
2025-02-10T20:57:34.092+03:00  INFO 5397 --- [main] liquibase.util                           : Total change sets:            8
2025-02-10T20:57:34.093+03:00  INFO 5397 --- [main] liquibase.util                           : Update summary generated
2025-02-10T20:57:34.095+03:00  INFO 5397 --- [main] liquibase.command                        : Update command completed successfully.
2025-02-10T20:57:34.095+03:00  INFO 5397 --- [main] liquibase.ui                             : Liquibase: Update has been successful. Rows affected: 8
2025-02-10T20:57:34.098+03:00  INFO 5397 --- [main] liquibase.lockservice                    : Successfully released change log lock
2025-02-10T20:57:34.099+03:00  INFO 5397 --- [main] liquibase.command                        : Command execution complete
2025-02-10T20:57:34.166+03:00  INFO 5397 --- [main] o.hibernate.jpa.internal.util.LogHelper  : HHH000204: Processing PersistenceUnitInfo [name: default]
2025-02-10T20:57:34.219+03:00  INFO 5397 --- [main] org.hibernate.Version                    : HHH000412: Hibernate ORM core version 6.6.5.Final
2025-02-10T20:57:34.250+03:00  INFO 5397 --- [main] o.h.c.internal.RegionFactoryInitiator    : HHH000026: Second-level cache disabled
2025-02-10T20:57:34.312+03:00  INFO 5397 --- [main] o.h.e.boot.internal.EnversServiceImpl    : Envers integration enabled? : true
2025-02-10T20:57:34.463+03:00  INFO 5397 --- [main] o.s.o.j.p.SpringPersistenceUnitInfo      : No LoadTimeWeaver setup: ignoring JPA class transformer
2025-02-10T20:57:34.520+03:00  INFO 5397 --- [main] org.hibernate.orm.connections.pooling    : HHH10001005: Database info:
	Database JDBC URL [Connecting through datasource 'HikariDataSource (HikariPool-1)']
	Database driver: undefined/unknown
	Database version: 17.2
	Autocommit mode: undefined/unknown
	Isolation level: undefined/unknown
	Minimum pool size: undefined/unknown
	Maximum pool size: undefined/unknown
2025-02-10T20:57:34.715+03:00  INFO 5397 --- [main] o.h.e.c.i.m.AuditMetadataGenerator       : Adding properties for entity: src.spring.database.entity.User
2025-02-10T20:57:35.290+03:00  INFO 5397 --- [main] o.h.e.t.j.p.i.JtaPlatformInitiator       : HHH000489: No JTA platform available (set 'hibernate.transaction.jta.platform' to enable JTA platform integration)
2025-02-10T20:57:35.636+03:00  INFO 5397 --- [main] j.LocalContainerEntityManagerFactoryBean : Initialized JPA EntityManagerFactory for persistence unit 'default'
2025-02-10T20:57:35.644+03:00  INFO 5397 --- [main] src.spring.config.JpaConfiguration       : JpaConfiguration init
2025-02-10T20:57:35.650+03:00  INFO 5397 --- [main] s.spring.database.pool.ConnectionPool    : Initializing connection pool
2025-02-10T20:57:35.849+03:00  INFO 5397 --- [main] o.s.d.j.r.query.QueryEnhancerFactory     : Hibernate is in classpath; If applicable, HQL parser will be used.
2025-02-10T20:57:36.211+03:00  INFO 5397 --- [main] s.spring.database.pool.ConnectionPool    : Initializing connection pool
2025-02-10T20:57:36.212+03:00  INFO 5397 --- [main] s.spring.database.pool.ConnectionPool    : Initializing connection pool
2025-02-10T20:57:36.273+03:00  WARN 5397 --- [main] JpaBaseConfiguration$JpaWebConfiguration : spring.jpa.open-in-view is enabled by default. Therefore, database queries may be performed during view rendering. Explicitly configure spring.jpa.open-in-view to disable this warning
2025-02-10T20:57:36.558+03:00  INFO 5397 --- [main] o.s.b.w.embedded.tomcat.TomcatWebServer  : Tomcat started on port 8080 (http) with context path '/'
2025-02-10T20:57:36.565+03:00  INFO 5397 --- [main] src.spring.ApplicationRunner             : Started ApplicationRunner in 5.52 seconds (process running for 6.264)
